Apr-24 21:08:25.663 [main] DEBUG nextflow.cli.Launcher - $> nextflow run main.nf -profile docker
Apr-24 21:08:25.977 [main] DEBUG nextflow.cli.CmdRun - N E X T F L O W  ~  version 25.10.4
Apr-24 21:08:26.050 [main] DEBUG nextflow.plugin.PluginsFacade - Setting up plugin manager > mode=prod; embedded=false; plugins-dir=/home/abhineet-kaur/.nextflow/plugins; core-plugins: nf-amazon@3.4.4,nf-azure@1.20.2,nf-cloudcache@0.5.0,nf-codecommit@0.5.0,nf-console@1.3.0,nf-google@1.23.5,nf-k8s@1.2.2,nf-tower@1.17.5,nf-wave@1.16.1
Apr-24 21:08:26.161 [main] INFO  o.pf4j.DefaultPluginStatusProvider - Enabled plugins: []
Apr-24 21:08:26.165 [main] INFO  o.pf4j.DefaultPluginStatusProvider - Disabled plugins: []
Apr-24 21:08:26.175 [main] INFO  org.pf4j.DefaultPluginManager - PF4J version 3.12.0 in 'deployment' mode
Apr-24 21:08:26.230 [main] DEBUG nextflow.util.RetryConfig - Missing nextflow session - using default retry config
Apr-24 21:08:26.756 [main] INFO  org.pf4j.AbstractPluginManager - No plugins
Apr-24 21:08:26.851 [main] DEBUG nextflow.config.ConfigBuilder - Found config local: /home/abhineet-kaur/HW2/nextflow.config
Apr-24 21:08:26.863 [main] DEBUG nextflow.config.ConfigBuilder - Parsing config file: /home/abhineet-kaur/HW2/nextflow.config
Apr-24 21:08:26.956 [main] DEBUG nextflow.config.ConfigBuilder - Applying config profile: `docker`
Apr-24 21:08:28.296 [main] DEBUG nextflow.config.ConfigBuilder - Available config profiles: [docker]
Apr-24 21:08:28.351 [main] DEBUG nextflow.plugin.PluginsFacade - Plugins default=[]
Apr-24 21:08:28.352 [main] DEBUG nextflow.plugin.PluginsFacade - Plugins resolved requirement=[]
Apr-24 21:08:28.394 [main] DEBUG n.secret.LocalSecretsProvider - Secrets store: /home/abhineet-kaur/.nextflow/secrets/store.json
Apr-24 21:08:28.402 [main] DEBUG nextflow.secret.SecretsLoader - Discovered secrets providers: [nextflow.secret.LocalSecretsProvider@6949e948] - activable => nextflow.secret.LocalSecretsProvider@6949e948
Apr-24 21:08:28.431 [main] DEBUG nextflow.cli.CmdRun - Applied DSL=2 by global default
Apr-24 21:08:28.466 [main] DEBUG nextflow.cli.CmdRun - Launching `main.nf` [admiring_lavoisier] DSL2 - revision: ee3ec790c1
Apr-24 21:08:28.621 [main] DEBUG nextflow.Session - Session UUID: 932a3d74-ef83-4346-b54e-f7fdee528c6f
Apr-24 21:08:28.623 [main] DEBUG nextflow.Session - Run name: admiring_lavoisier
Apr-24 21:08:28.624 [main] DEBUG nextflow.Session - Executor pool size: 4
Apr-24 21:08:28.657 [main] DEBUG nextflow.file.FilePorter - File porter settings maxRetries=3; maxTransfers=50; pollTimeout=null
Apr-24 21:08:28.672 [main] DEBUG nextflow.util.ThreadPoolBuilder - Creating thread pool 'FileTransfer' minSize=10; maxSize=12; workQueue=LinkedBlockingQueue[-1]; allowCoreThreadTimeout=false
Apr-24 21:08:28.734 [main] DEBUG nextflow.cli.CmdRun - 
  Version: 25.10.4 build 11173
  Created: 10-02-2026 15:17 UTC 
  System: Linux 6.17.0-1011-azure
  Runtime: Groovy 4.0.28 on OpenJDK 64-Bit Server VM 21.0.6+9-b895.97
  Encoding: UTF-8 (UTF-8)
  Process: 522540@sciapp-students [10.2.0.4]
  CPUs: 4 - Mem: 15.6 GB (1.2 GB) - Swap: 0 (0)
Apr-24 21:08:28.786 [main] DEBUG nextflow.Session - Work-dir: /home/abhineet-kaur/HW2/work [ext2/ext3]
Apr-24 21:08:28.788 [main] DEBUG nextflow.Session - Script base path does not exist or is not a directory: /home/abhineet-kaur/HW2/bin
Apr-24 21:08:28.811 [main] DEBUG nextflow.executor.ExecutorFactory - Extension executors providers=[]
Apr-24 21:08:28.837 [main] DEBUG nextflow.Session - Observer factory (v2): LinObserverFactory
Apr-24 21:08:28.845 [main] DEBUG nextflow.Session - Observer factory (v2): DefaultObserverFactory
Apr-24 21:08:28.994 [main] DEBUG nextflow.cache.CacheFactory - Using Nextflow cache factory: nextflow.cache.DefaultCacheFactory
Apr-24 21:08:29.017 [main] DEBUG nextflow.util.CustomThreadPool - Creating default thread pool > poolSize: 5; maxThreads: 1000
Apr-24 21:08:29.184 [main] DEBUG nextflow.Session - Session start
Apr-24 21:08:29.793 [main] DEBUG nextflow.script.ScriptRunner - > Launching execution
Apr-24 21:08:30.528 [main] DEBUG nextflow.executor.ExecutorFactory - << taskConfig executor: local
Apr-24 21:08:30.530 [main] DEBUG nextflow.executor.ExecutorFactory - >> processorType: 'local'
Apr-24 21:08:30.567 [main] DEBUG nextflow.executor.Executor - [warm up] executor > local
Apr-24 21:08:30.596 [main] DEBUG n.processor.LocalPollingMonitor - Creating local task monitor for executor 'local' > cpus=4; memory=15.6 GB; capacity=4; pollInterval=100ms; dumpInterval=5m
Apr-24 21:08:30.605 [main] DEBUG n.processor.TaskPollingMonitor - >>> barrier register (monitor: local)
Apr-24 21:08:30.693 [main] DEBUG nextflow.processor.TaskProcessor - Creating process 'ads8192_heatmap': maxForks=0; fair=false; array=0
Apr-24 21:08:30.812 [main] DEBUG nextflow.executor.ExecutorFactory - << taskConfig executor: local
Apr-24 21:08:30.812 [main] DEBUG nextflow.executor.ExecutorFactory - >> processorType: 'local'
Apr-24 21:08:30.815 [main] DEBUG nextflow.processor.TaskProcessor - Creating process 'summarize_outputs': maxForks=0; fair=false; array=0
Apr-24 21:08:30.823 [main] DEBUG nextflow.Session - Workflow process names [dsl2]: summarize_outputs, ads8192_heatmap
Apr-24 21:08:30.830 [main] DEBUG nextflow.Session - Igniting dataflow network (3)
Apr-24 21:08:30.849 [main] DEBUG nextflow.processor.TaskProcessor - Starting process > ads8192_heatmap
Apr-24 21:08:30.850 [main] DEBUG nextflow.processor.TaskProcessor - Starting process > summarize_outputs
Apr-24 21:08:30.852 [main] DEBUG nextflow.script.ScriptRunner - Parsed script files:
  Script_306155cf652101b8: /home/abhineet-kaur/HW2/main.nf
  Script_1410f300263a411a: /home/abhineet-kaur/HW2/modules/ADS8192.nf
Apr-24 21:08:30.853 [main] DEBUG nextflow.script.ScriptRunner - > Awaiting termination 
Apr-24 21:08:30.853 [main] DEBUG nextflow.Session - Session await
Apr-24 21:08:31.506 [Task submitter] DEBUG n.executor.local.LocalTaskHandler - Launch cmd line: /bin/bash -ue .command.run
Apr-24 21:08:31.512 [Task submitter] INFO  nextflow.Session - [5e/4bd5ab] Submitted process > ads8192_heatmap (1)
Apr-24 21:08:55.270 [Task monitor] DEBUG n.processor.TaskPollingMonitor - Task completed > TaskHandler[id: 1; name: ads8192_heatmap (1); status: COMPLETED; exit: 0; error: -; workDir: /home/abhineet-kaur/HW2/work/5e/4bd5abfbb0340ecb12825cfb7f5b74]
Apr-24 21:08:55.273 [Task monitor] DEBUG nextflow.util.ThreadPoolBuilder - Creating thread pool 'TaskFinalizer' minSize=10; maxSize=12; workQueue=LinkedBlockingQueue[-1]; allowCoreThreadTimeout=false
Apr-24 21:08:55.395 [Task submitter] DEBUG n.executor.local.LocalTaskHandler - Launch cmd line: /bin/bash -ue .command.run
Apr-24 21:08:55.399 [Task submitter] INFO  nextflow.Session - [62/52d19a] Submitted process > summarize_outputs (1)
Apr-24 21:08:56.264 [Task monitor] DEBUG n.processor.TaskPollingMonitor - Task completed > TaskHandler[id: 2; name: summarize_outputs (1); status: COMPLETED; exit: 0; error: -; workDir: /home/abhineet-kaur/HW2/work/62/52d19a1493df56d1ac33d1751844bf]
Apr-24 21:08:56.269 [main] DEBUG nextflow.Session - Session await > all processes finished
Apr-24 21:08:56.365 [Task monitor] DEBUG n.processor.TaskPollingMonitor - <<< barrier arrives (monitor: local) - terminating tasks monitor poll loop
Apr-24 21:08:56.365 [main] DEBUG nextflow.Session - Session await > all barriers passed
Apr-24 21:08:56.371 [main] DEBUG nextflow.util.ThreadPoolManager - Thread pool 'TaskFinalizer' shutdown completed (hard=false)
Apr-24 21:08:56.391 [main] DEBUG n.trace.WorkflowStatsObserver - Workflow completed > WorkflowStats[succeededCount=2; failedCount=0; ignoredCount=0; cachedCount=0; pendingCount=0; submittedCount=0; runningCount=0; retriesCount=0; abortedCount=0; succeedDuration=24.5s; failedDuration=0ms; cachedDuration=0ms;loadCpus=0; loadMemory=0; peakRunning=1; peakCpus=1; peakMemory=0; ]
Apr-24 21:08:56.459 [main] DEBUG nextflow.cache.CacheDB - Closing CacheDB done
Apr-24 21:08:56.502 [main] DEBUG nextflow.util.ThreadPoolManager - Thread pool 'FileTransfer' shutdown completed (hard=false)
Apr-24 21:08:56.505 [main] DEBUG nextflow.script.ScriptRunner - > Execution complete -- Goodbye
